[37m[DEBUG] El CSV se usará en -> /Users/ressc/Desktop/Tesis/thesis/local_stats.csv[0m
Mar 27, 2025 3:28:06 PM CSVManager prepararCSV
INFO: Archivo CSV preparado correctamente (sobrescrito): /Users/ressc/Desktop/Tesis/thesis/local_stats.csv
[34m======================================================[0m
[32m[INFO] Configuración del Entorno[0m
[34m======================================================[0m
[36m[LOCAL] Ejecutando en un entorno local:[0m
[37m[LOCAL] Sistema Operativo: Mac OS X 15.4[0m
[37m[LOCAL] Versión de Java: 17.0.8.1[0m
[37m[LOCAL] CPUs disponibles: 8[0m
No existe un checkpoint previo. Se iniciará desde cero.
[34m======================================================[0m
Número de núcleos configurados: 8






























































































































































































































[36m[ELITE] Selección de élites:[0m
[33m[ELITE]    Fitness: 37.00[0m
[33m[ELITE]    Fitness: 34.75[0m
[33m[ELITE]    Fitness: 32.50[0m
[33m[ELITE]    Fitness: 30.25[0m
[33m[ELITE]    Fitness: 28.00[0m
[33m[ELITE]    Fitness: 25.75[0m
[34m===============================================[0m
[34m[GENÉTICO] GENERACIÓN 1:[0m
[34m===============================================[0m
[32m[GENÉTICO]    Mejor Fitness Generación: 37.00[0m
[32m[GENÉTICO]    Fitness Global:         37.00[0m
[32m[GENÉTICO]    Promedio Fitness:       29.04[0m
[32m[GENÉTICO]    Diversidad:             12.63[0m
[31m[GENÉTICO]    Peor Fitness:           25.75[0m
[33m[GENÉTICO]    Tiempo Transcurrido:    15.89 s[0m
[34m===============================================[0m
Mar 27, 2025 3:28:23 PM CSVManager escribirLineaCSV
INFO: [DEBUG CSV] Escribiendo CSV -> gen=1, Mejor Fitness Generación=37.0, Fitness Global=37.0
[33mDetectado estancamiento en la generación 1[0m
[37m[DEBUG] Generación 1 procesada. MejorFitness=37.0[0m








































































[36m[ELITE] Selección de élites:[0m
[33m[ELITE]    Fitness: 37.00[0m
[33m[ELITE]    Fitness: 34.75[0m
[33m[ELITE]    Fitness: 32.50[0m
[33m[ELITE]    Fitness: 30.25[0m
[33m[ELITE]    Fitness: 28.00[0m
[33m[ELITE]    Fitness: 25.75[0m
[34m===============================================[0m
[34m[GENÉTICO] GENERACIÓN 2:[0m
[34m===============================================[0m
[32m[GENÉTICO]    Mejor Fitness Generación: 37.00[0m
[32m[GENÉTICO]    Fitness Global:         37.00[0m
[32m[GENÉTICO]    Promedio Fitness:       29.32[0m
[32m[GENÉTICO]    Diversidad:             12.60[0m
[31m[GENÉTICO]    Peor Fitness:           23.50[0m
[33m[GENÉTICO]    Tiempo Transcurrido:    22.76 s[0m
[34m===============================================[0m
Mar 27, 2025 3:28:29 PM CSVManager escribirLineaCSV
INFO: [DEBUG CSV] Escribiendo CSV -> gen=2, Mejor Fitness Generación=37.0, Fitness Global=37.0
[33mDetectado estancamiento en la generación 2[0m
[37m[DEBUG] Generación 2 procesada. MejorFitness=37.0[0m









































































[36m[ELITE] Selección de élites:[0m
[33m[ELITE]    Fitness: 37.00[0m
[33m[ELITE]    Fitness: 34.75[0m
[33m[ELITE]    Fitness: 32.50[0m
[33m[ELITE]    Fitness: 28.00[0m
[33m[ELITE]    Fitness: 25.75[0m
[33m[ELITE]    Fitness: 23.50[0m
[34m===============================================[0m
[34m[GENÉTICO] GENERACIÓN 3:[0m
[34m===============================================[0m
[32m[GENÉTICO]    Mejor Fitness Generación: 37.00[0m
[32m[GENÉTICO]    Fitness Global:         37.00[0m
[32m[GENÉTICO]    Promedio Fitness:       29.32[0m
[32m[GENÉTICO]    Diversidad:             12.63[0m
[31m[GENÉTICO]    Peor Fitness:           23.50[0m
[33m[GENÉTICO]    Tiempo Transcurrido:    28.78 s[0m
[34m===============================================[0m
Mar 27, 2025 3:28:35 PM CSVManager escribirLineaCSV
INFO: [DEBUG CSV] Escribiendo CSV -> gen=3, Mejor Fitness Generación=37.0, Fitness Global=37.0
[33mDetectado estancamiento en la generación 3[0m
[37m[DEBUG] Generación 3 procesada. MejorFitness=37.0[0m










































































[36m[ELITE] Selección de élites:[0m
[33m[ELITE]    Fitness: 34.75[0m
[33m[ELITE]    Fitness: 32.50[0m
[33m[ELITE]    Fitness: 30.25[0m
[33m[ELITE]    Fitness: 28.00[0m
[33m[ELITE]    Fitness: 25.75[0m
[33m[ELITE]    Fitness: 23.50[0m
[34m===============================================[0m
[34m[GENÉTICO] GENERACIÓN 4:[0m
[34m===============================================[0m
[32m[GENÉTICO]    Mejor Fitness Generación: 34.75[0m
[32m[GENÉTICO]    Fitness Global:         37.00[0m
[32m[GENÉTICO]    Promedio Fitness:       29.92[0m
[32m[GENÉTICO]    Diversidad:             12.47[0m
[31m[GENÉTICO]    Peor Fitness:           23.50[0m
[33m[GENÉTICO]    Tiempo Transcurrido:    35.20 s[0m
[34m===============================================[0m
Mar 27, 2025 3:28:42 PM CSVManager escribirLineaCSV
INFO: [DEBUG CSV] Escribiendo CSV -> gen=4, Mejor Fitness Generación=34.75, Fitness Global=37.0
[37m[DEBUG] Generación 4 procesada. MejorFitness=34.75[0m









































































[36m[ELITE] Selección de élites:[0m
[33m[ELITE]    Fitness: 43.75[0m
[33m[ELITE]    Fitness: 37.00[0m
[33m[ELITE]    Fitness: 34.75[0m
[33m[ELITE]    Fitness: 32.50[0m
[33m[ELITE]    Fitness: 28.00[0m
[33m[ELITE]    Fitness: 25.75[0m
[34m===============================================[0m
[34m[GENÉTICO] GENERACIÓN 5:[0m
[34m===============================================[0m
[32m[GENÉTICO]    Mejor Fitness Generación: 43.75[0m
[32m[GENÉTICO]    Fitness Global:         43.75[0m
[32m[GENÉTICO]    Promedio Fitness:       30.58[0m
[32m[GENÉTICO]    Diversidad:             12.45[0m
[31m[GENÉTICO]    Peor Fitness:           25.75[0m
[33m[GENÉTICO]    Tiempo Transcurrido:    41.84 s[0m
[34m===============================================[0m
Mar 27, 2025 3:28:49 PM CSVManager escribirLineaCSV
INFO: [DEBUG CSV] Escribiendo CSV -> gen=5, Mejor Fitness Generación=43.75, Fitness Global=43.75
[33mDetectado estancamiento en la generación 5[0m
[37m[DEBUG] Generación 5 procesada. MejorFitness=43.75[0m

























