Mar 23, 2025 6:02:48 PM CSVManager prepararCSV
INFO: Archivo CSV preparado correctamente (sobrescrito): local_stats.csv
[34m======================================================[0m
[32m[INFO] Configuración del Entorno[0m
[34m======================================================[0m
[36m[LOCAL] Ejecutando en un entorno local:[0m
[37m[LOCAL] Sistema Operativo: Mac OS X 15.4[0m
[37m[LOCAL] Versión de Java: 17.0.8.1[0m
[37m[LOCAL] CPUs disponibles: 8[0m
[34m======================================================[0m
Checkpoint eliminado a petición del usuario.
[35m[RESULTADO PARTIDO] Goles Favor: 0, Goles Contra: 32, Fitness: 49952.00[0m
[35m[RESULTADO PARTIDO] Goles Favor: 0, Goles Contra: 32, Fitness: 49952.00[0m
[35m[RESULTADO PARTIDO] Goles Favor: 0, Goles Contra: 31, Fitness: 49953.50[0m
[35m[RESULTADO PARTIDO] Goles Favor: 0, Goles Contra: 32, Fitness: 49952.00[0m
[35m[RESULTADO PARTIDO] Goles Favor: 0, Goles Contra: 32, Fitness: 49952.00[0m
[35m[RESULTADO PARTIDO] Goles Favor: 0, Goles Contra: 32, Fitness: 49952.00[0m
[35m[RESULTADO PARTIDO] Goles Favor: 0, Goles Contra: 32, Fitness: 49952.00[0m
[35m[RESULTADO PARTIDO] Goles Favor: 0, Goles Contra: 32, Fitness: 49952.00[0m
[35m[RESULTADO PARTIDO] Goles Favor: 0, Goles Contra: 32, Fitness: 49952.00[0m
[35m[RESULTADO PARTIDO] Goles Favor: 0, Goles Contra: 32, Fitness: 49952.00[0m
[35m[RESULTADO PARTIDO] Goles Favor: 0, Goles Contra: 32, Fitness: 49952.00[0m
[35m[RESULTADO PARTIDO] Goles Favor: 0, Goles Contra: 32, Fitness: 49952.00[0m
[35m[RESULTADO PARTIDO] Goles Favor: 0, Goles Contra: 28, Fitness: 49958.00[0m
[35m[RESULTADO PARTIDO] Goles Favor: 0, Goles Contra: 32, Fitness: 49952.00[0m
[35m[RESULTADO PARTIDO] Goles Favor: 0, Goles Contra: 32, Fitness: 49952.00[0m
[35m[RESULTADO PARTIDO] Goles Favor: 0, Goles Contra: 30, Fitness: 49955.00[0m
[35m[RESULTADO PARTIDO] Goles Favor: 0, Goles Contra: 32, Fitness: 49952.00[0m
[35m[RESULTADO PARTIDO] Goles Favor: 0, Goles Contra: 32, Fitness: 49952.00[0m
[35m[RESULTADO PARTIDO] Goles Favor: 0, Goles Contra: 32, Fitness: 49952.00[0m
[35m[RESULTADO PARTIDO] Goles Favor: 0, Goles Contra: 30, Fitness: 49955.00[0m
[35m[RESULTADO PARTIDO] Goles Favor: 0, Goles Contra: 32, Fitness: 49952.00[0m
[35m[RESULTADO PARTIDO] Goles Favor: 0, Goles Contra: 32, Fitness: 49952.00[0m
[36m[ELITE] Selección de élites:[0m
[33m[ELITE]    Fitness: 49958.00[0m
[33m[ELITE]    Fitness: 49955.00[0m
[33m[ELITE]    Fitness: 49953.50[0m
[37mDiversidad de la generación 1: 11.963234524099514[0m

[34m===============================================[0m
[34m[GENÉTICO] GENERACIÓN 1:[0m
[34m===============================================[0m
[32m[GENÉTICO]    Mejor Fitness:       49958.00[0m
[32m[GENÉTICO]    Promedio Fitness:    49953.73[0m
[32m[GENÉTICO]    Diversidad:          11.96[0m
[31m[GENÉTICO]    Peor Fitness:        49952.00[0m
[33m[GENÉTICO]    Tiempo Transcurrido: 3.19 s[0m
[34m===============================================[0m
[33mDetectado estancamiento en la generación 1[0m
[37mDiversidad actual: 11.963234524099514[0m
[35m[RESULTADO PARTIDO] Goles Favor: 0, Goles Contra: 32, Fitness: 49952.00[0m
[35m[RESULTADO PARTIDO] Goles Favor: 0, Goles Contra: 32, Fitness: 49952.00[0m
[36m[ELITE] Selección de élites:[0m
[33m[ELITE]    Fitness: 49958.00[0m
[33m[ELITE]    Fitness: 49955.00[0m
[33m[ELITE]    Fitness: 49953.50[0m
[37mDiversidad de la generación 2: 10.859378551029183[0m

[34m===============================================[0m
[34m[GENÉTICO] GENERACIÓN 2:[0m
[34m===============================================[0m
[32m[GENÉTICO]    Mejor Fitness:       49958.00[0m
[32m[GENÉTICO]    Promedio Fitness:    49954.40[0m
[32m[GENÉTICO]    Diversidad:          10.86[0m
[31m[GENÉTICO]    Peor Fitness:        49952.00[0m
[33m[GENÉTICO]    Tiempo Transcurrido: 3.57 s[0m
[34m===============================================[0m
[33mDetectado estancamiento en la generación 2[0m
[37mDiversidad actual: 10.859378551029183[0m
[35m[RESULTADO PARTIDO] Goles Favor: 0, Goles Contra: 32, Fitness: 49952.00[0m
[35m[RESULTADO PARTIDO] Goles Favor: 0, Goles Contra: 32, Fitness: 49952.00[0m
[36m[ELITE] Selección de élites:[0m
[33m[ELITE]    Fitness: 49958.00[0m
[33m[ELITE]    Fitness: 49953.50[0m
[33m[ELITE]    Fitness: 49952.00[0m
[37mDiversidad de la generación 3: 9.720475579553083[0m

[34m===============================================[0m
[34m[GENÉTICO] GENERACIÓN 3:[0m
[34m===============================================[0m
[32m[GENÉTICO]    Mejor Fitness:       49958.00[0m
[32m[GENÉTICO]    Promedio Fitness:    49954.93[0m
[32m[GENÉTICO]    Diversidad:          9.72[0m
[31m[GENÉTICO]    Peor Fitness:        49952.00[0m
[33m[GENÉTICO]    Tiempo Transcurrido: 3.94 s[0m
[34m===============================================[0m
[33mDetectado estancamiento en la generación 3[0m
[37mDiversidad actual: 9.720475579553083[0m
[35m[RESULTADO PARTIDO] Goles Favor: 0, Goles Contra: 32, Fitness: 49952.00[0m
[35m[RESULTADO PARTIDO] Goles Favor: 0, Goles Contra: 30, Fitness: 49955.00[0m
[36m[ELITE] Selección de élites:[0m
[33m[ELITE]    Fitness: 49958.00[0m
[33m[ELITE]    Fitness: 49955.00[0m
[33m[ELITE]    Fitness: 49953.50[0m
[37mDiversidad de la generación 4: 3.9808205660002614[0m

[34m===============================================[0m
[34m[GENÉTICO] GENERACIÓN 4:[0m
[34m===============================================[0m
[32m[GENÉTICO]    Mejor Fitness:       49958.00[0m
[32m[GENÉTICO]    Promedio Fitness:    49957.03[0m
[32m[GENÉTICO]    Diversidad:          3.98[0m
[31m[GENÉTICO]    Peor Fitness:        49952.00[0m
[33m[GENÉTICO]    Tiempo Transcurrido: 4.28 s[0m
[34m===============================================[0m
[33mDetectado estancamiento en la generación 4[0m
[37mDiversidad actual: 3.9808205660002614[0m
[36m[ELITE] Selección de élites:[0m
[33m[ELITE]    Fitness: 49958.00[0m
[37mDiversidad de la generación 5: 0.0[0m

[34m===============================================[0m
[34m[GENÉTICO] GENERACIÓN 5:[0m
[34m===============================================[0m
[32m[GENÉTICO]    Mejor Fitness:       49958.00[0m
[32m[GENÉTICO]    Promedio Fitness:    49958.00[0m
[32m[GENÉTICO]    Diversidad:          0.00[0m
[31m[GENÉTICO]    Peor Fitness:        49958.00[0m
[33m[GENÉTICO]    Tiempo Transcurrido: 4.29 s[0m
[34m===============================================[0m
[33mDetectado estancamiento en la generación 5[0m
[37mDiversidad actual: 0.0[0m
[37mDiversidad baja detectada. Inyectando nuevos individuos...[0m
[35m[RESULTADO PARTIDO] Goles Favor: 0, Goles Contra: 32, Fitness: 49952.00[0m
[35m[RESULTADO PARTIDO] Goles Favor: 0, Goles Contra: 32, Fitness: 49952.00[0m
[35m[RESULTADO PARTIDO] Goles Favor: 0, Goles Contra: 28, Fitness: 49958.00[0m
[35m[RESULTADO PARTIDO] Goles Favor: 0, Goles Contra: 28, Fitness: 49958.00[0m
[36m[ELITE] Selección de élites:[0m
[33m[ELITE]    Fitness: 49958.00[0m
[37mDiversidad de la generación 6: 0.0[0m

[34m===============================================[0m
[34m[GENÉTICO] GENERACIÓN 6:[0m
[34m===============================================[0m
[32m[GENÉTICO]    Mejor Fitness:       49958.00[0m
[32m[GENÉTICO]    Promedio Fitness:    49958.00[0m
[32m[GENÉTICO]    Diversidad:          0.00[0m
[31m[GENÉTICO]    Peor Fitness:        49958.00[0m
[33m[GENÉTICO]    Tiempo Transcurrido: 5.38 s[0m
[34m===============================================[0m
[33mDetectado estancamiento en la generación 6[0m
[37mDiversidad actual: 0.0[0m
[37mDiversidad baja detectada. Inyectando nuevos individuos...[0m
[35m[RESULTADO PARTIDO] Goles Favor: 0, Goles Contra: 32, Fitness: 49952.00[0m
[35m[RESULTADO PARTIDO] Goles Favor: 0, Goles Contra: 32, Fitness: 49952.00[0m
[35m[RESULTADO PARTIDO] Goles Favor: 0, Goles Contra: 28, Fitness: 49958.00[0m
[35m[RESULTADO PARTIDO] Goles Favor: 0, Goles Contra: 30, Fitness: 49955.00[0m
[36m[ELITE] Selección de élites:[0m
[33m[ELITE]    Fitness: 49958.00[0m
[33m[ELITE]    Fitness: 49955.00[0m
[37mDiversidad de la generación 7: 1.420912489713678[0m

[34m===============================================[0m
[34m[GENÉTICO] GENERACIÓN 7:[0m
[34m===============================================[0m
[32m[GENÉTICO]    Mejor Fitness:       49958.00[0m
[32m[GENÉTICO]    Promedio Fitness:    49957.85[0m
[32m[GENÉTICO]    Diversidad:          1.42[0m
[31m[GENÉTICO]    Peor Fitness:        49955.00[0m
[33m[GENÉTICO]    Tiempo Transcurrido: 6.50 s[0m
[34m===============================================[0m
[33mDetectado estancamiento en la generación 7[0m
[37mDiversidad actual: 1.420912489713678[0m
[35m[RESULTADO PARTIDO] Goles Favor: 0, Goles Contra: 28, Fitness: 49958.00[0m
[35m[RESULTADO PARTIDO] Goles Favor: 0, Goles Contra: 32, Fitness: 49952.00[0m
[36m[ELITE] Selección de élites:[0m
[33m[ELITE]    Fitness: 49958.00[0m
[33m[ELITE]    Fitness: 49952.00[0m
[37mDiversidad de la generación 8: 1.2767319046325944[0m

[34m===============================================[0m
[34m[GENÉTICO] GENERACIÓN 8:[0m
[34m===============================================[0m
[32m[GENÉTICO]    Mejor Fitness:       49958.00[0m
[32m[GENÉTICO]    Promedio Fitness:    49957.70[0m
[32m[GENÉTICO]    Diversidad:          1.28[0m
[31m[GENÉTICO]    Peor Fitness:        49952.00[0m
[33m[GENÉTICO]    Tiempo Transcurrido: 6.85 s[0m
[34m===============================================[0m
[33mDetectado estancamiento en la generación 8[0m
[37mDiversidad actual: 1.2767319046325944[0m
[35m[RESULTADO PARTIDO] Goles Favor: 0, Goles Contra: 28, Fitness: 49958.00[0m
[35m[RESULTADO PARTIDO] Goles Favor: 0, Goles Contra: 28, Fitness: 49958.00[0m
[36m[ELITE] Selección de élites:[0m
[33m[ELITE]    Fitness: 49958.00[0m
[37mDiversidad de la generación 9: 0.6534474074951993[0m

[34m===============================================[0m
[34m[GENÉTICO] GENERACIÓN 9:[0m
[34m===============================================[0m
[32m[GENÉTICO]    Mejor Fitness:       49958.00[0m
[32m[GENÉTICO]    Promedio Fitness:    49958.00[0m
[32m[GENÉTICO]    Diversidad:          0.65[0m
[31m[GENÉTICO]    Peor Fitness:        49958.00[0m
[33m[GENÉTICO]    Tiempo Transcurrido: 7.19 s[0m
[34m===============================================[0m
[33mDetectado estancamiento en la generación 9[0m
[37mDiversidad actual: 0.6534474074951993[0m
[35m[RESULTADO PARTIDO] Goles Favor: 0, Goles Contra: 28, Fitness: 49958.00[0m
[35m[RESULTADO PARTIDO] Goles Favor: 0, Goles Contra: 32, Fitness: 49952.00[0m
[36m[ELITE] Selección de élites:[0m
[33m[ELITE]    Fitness: 49958.00[0m
[33m[ELITE]    Fitness: 49952.00[0m
[37mDiversidad de la generación 10: 2.2968469325702294[0m

[34m===============================================[0m
[34m[GENÉTICO] GENERACIÓN 10:[0m
[34m===============================================[0m
[32m[GENÉTICO]    Mejor Fitness:       49958.00[0m
[32m[GENÉTICO]    Promedio Fitness:    49957.70[0m
[32m[GENÉTICO]    Diversidad:          2.30[0m
[31m[GENÉTICO]    Peor Fitness:        49952.00[0m
[33m[GENÉTICO]    Tiempo Transcurrido: 7.58 s[0m
[34m===============================================[0m
[32m[CHECKPOINT] Guardado correctamente en checkpoint.ser[0m
[33mDetectado estancamiento en la generación 10[0m
[37mDiversidad actual: 2.2968469325702294[0m
[35m[RESULTADO PARTIDO] Goles Favor: 0, Goles Contra: 32, Fitness: 49952.00[0m
[35m[RESULTADO PARTIDO] Goles Favor: 0, Goles Contra: 32, Fitness: 49952.00[0m
[36m[ELITE] Selección de élites:[0m
[33m[ELITE]    Fitness: 49958.00[0m
[33m[ELITE]    Fitness: 49952.00[0m
[37mDiversidad de la generación 11: 4.1759732783704555[0m

[34m===============================================[0m
[34m[GENÉTICO] GENERACIÓN 11:[0m
[34m===============================================[0m
[32m[GENÉTICO]    Mejor Fitness:       49958.00[0m
[32m[GENÉTICO]    Promedio Fitness:    49957.40[0m
[32m[GENÉTICO]    Diversidad:          4.18[0m
[31m[GENÉTICO]    Peor Fitness:        49952.00[0m
[33m[GENÉTICO]    Tiempo Transcurrido: 7.98 s[0m
[34m===============================================[0m
[33mDetectado estancamiento en la generación 11[0m
[37mDiversidad actual: 4.1759732783704555[0m
[35m[RESULTADO PARTIDO] Goles Favor: 0, Goles Contra: 28, Fitness: 49958.00[0m
[35m[RESULTADO PARTIDO] Goles Favor: 0, Goles Contra: 28, Fitness: 49958.00[0m
[36m[ELITE] Selección de élites:[0m
[33m[ELITE]    Fitness: 49958.00[0m
[37mDiversidad de la generación 12: 2.7276249712361076[0m

[34m===============================================[0m
[34m[GENÉTICO] GENERACIÓN 12:[0m
[34m===============================================[0m
[32m[GENÉTICO]    Mejor Fitness:       49958.00[0m
[32m[GENÉTICO]    Promedio Fitness:    49958.00[0m
[32m[GENÉTICO]    Diversidad:          2.73[0m
[31m[GENÉTICO]    Peor Fitness:        49958.00[0m
[33m[GENÉTICO]    Tiempo Transcurrido: 8.33 s[0m
[34m===============================================[0m
[33mDetectado estancamiento en la generación 12[0m
[37mDiversidad actual: 2.7276249712361076[0m
[35m[RESULTADO PARTIDO] Goles Favor: 0, Goles Contra: 30, Fitness: 49955.00[0m
[35m[RESULTADO PARTIDO] Goles Favor: 0, Goles Contra: 32, Fitness: 49952.00[0m
[36m[ELITE] Selección de élites:[0m
[33m[ELITE]    Fitness: 49958.00[0m
[33m[ELITE]    Fitness: 49955.00[0m
[33m[ELITE]    Fitness: 49952.00[0m
[37mDiversidad de la generación 13: 3.4218519201285242[0m

[34m===============================================[0m
[34m[GENÉTICO] GENERACIÓN 13:[0m
[34m===============================================[0m
[32m[GENÉTICO]    Mejor Fitness:       49958.00[0m
[32m[GENÉTICO]    Promedio Fitness:    49957.55[0m
[32m[GENÉTICO]    Diversidad:          3.42[0m
[31m[GENÉTICO]    Peor Fitness:        49952.00[0m
[33m[GENÉTICO]    Tiempo Transcurrido: 8.68 s[0m
[34m===============================================[0m
[33mDetectado estancamiento en la generación 13[0m
[37mDiversidad actual: 3.4218519201285242[0m
[35m[RESULTADO PARTIDO] Goles Favor: 0, Goles Contra: 28, Fitness: 49958.00[0m
[35m[RESULTADO PARTIDO] Goles Favor: 0, Goles Contra: 28, Fitness: 49958.00[0m
[36m[ELITE] Selección de élites:[0m
[33m[ELITE]    Fitness: 49958.00[0m
[37mDiversidad de la generación 14: 0.0[0m

[34m===============================================[0m
[34m[GENÉTICO] GENERACIÓN 14:[0m
[34m===============================================[0m
[32m[GENÉTICO]    Mejor Fitness:       49958.00[0m
[32m[GENÉTICO]    Promedio Fitness:    49958.00[0m
[32m[GENÉTICO]    Diversidad:          0.00[0m
[31m[GENÉTICO]    Peor Fitness:        49958.00[0m
[33m[GENÉTICO]    Tiempo Transcurrido: 9.05 s[0m
[34m===============================================[0m
[33mDetectado estancamiento en la generación 14[0m
[37mDiversidad actual: 0.0[0m
[37mDiversidad baja detectada. Inyectando nuevos individuos...[0m
[35m[RESULTADO PARTIDO] Goles Favor: 0, Goles Contra: 32, Fitness: 49952.00[0m
[35m[RESULTADO PARTIDO] Goles Favor: 0, Goles Contra: 32, Fitness: 49952.00[0m
[35m[RESULTADO PARTIDO] Goles Favor: 0, Goles Contra: 30, Fitness: 49955.00[0m
[35m[RESULTADO PARTIDO] Goles Favor: 0, Goles Contra: 32, Fitness: 49952.00[0m
[36m[ELITE] Selección de élites:[0m
[33m[ELITE]    Fitness: 49958.00[0m
[33m[ELITE]    Fitness: 49955.00[0m
[33m[ELITE]    Fitness: 49952.00[0m
[37mDiversidad de la generación 15: 1.464235079903814[0m

[34m===============================================[0m
[34m[GENÉTICO] GENERACIÓN 15:[0m
[34m===============================================[0m
[32m[GENÉTICO]    Mejor Fitness:       49958.00[0m
[32m[GENÉTICO]    Promedio Fitness:    49957.55[0m
[32m[GENÉTICO]    Diversidad:          1.46[0m
[31m[GENÉTICO]    Peor Fitness:        49952.00[0m
[33m[GENÉTICO]    Tiempo Transcurrido: 10.16 s[0m
[34m===============================================[0m
[33mDetectado estancamiento en la generación 15[0m
[37mDiversidad actual: 1.464235079903814[0m
[35m[RESULTADO PARTIDO] Goles Favor: 0, Goles Contra: 32, Fitness: 49952.00[0m
[35m[RESULTADO PARTIDO] Goles Favor: 0, Goles Contra: 32, Fitness: 49952.00[0m
[36m[ELITE] Selección de élites:[0m
[33m[ELITE]    Fitness: 49958.00[0m
[33m[ELITE]    Fitness: 49952.00[0m
[37mDiversidad de la generación 16: 2.167916126001246[0m

[34m===============================================[0m
[34m[GENÉTICO] GENERACIÓN 16:[0m
[34m===============================================[0m
[32m[GENÉTICO]    Mejor Fitness:       49958.00[0m
[32m[GENÉTICO]    Promedio Fitness:    49957.40[0m
[32m[GENÉTICO]    Diversidad:          2.17[0m
[31m[GENÉTICO]    Peor Fitness:        49952.00[0m
[33m[GENÉTICO]    Tiempo Transcurrido: 10.63 s[0m
[34m===============================================[0m
[33mDetectado estancamiento en la generación 16[0m
[37mDiversidad actual: 2.167916126001246[0m
[35m[RESULTADO PARTIDO] Goles Favor: 0, Goles Contra: 28, Fitness: 49958.00[0m
[35m[RESULTADO PARTIDO] Goles Favor: 0, Goles Contra: 30, Fitness: 49955.00[0m
[36m[ELITE] Selección de élites:[0m
[33m[ELITE]    Fitness: 49958.00[0m
[33m[ELITE]    Fitness: 49955.00[0m
[37mDiversidad de la generación 17: 2.231058618598464[0m

[34m===============================================[0m
[34m[GENÉTICO] GENERACIÓN 17:[0m
[34m===============================================[0m
[32m[GENÉTICO]    Mejor Fitness:       49958.00[0m
[32m[GENÉTICO]    Promedio Fitness:    49957.85[0m
[32m[GENÉTICO]    Diversidad:          2.23[0m
[31m[GENÉTICO]    Peor Fitness:        49955.00[0m
[33m[GENÉTICO]    Tiempo Transcurrido: 11.19 s[0m
[34m===============================================[0m
[33mDetectado estancamiento en la generación 17[0m
[37mDiversidad actual: 2.231058618598464[0m
[35m[RESULTADO PARTIDO] Goles Favor: 0, Goles Contra: 28, Fitness: 49958.00[0m
[35m[RESULTADO PARTIDO] Goles Favor: 0, Goles Contra: 32, Fitness: 49952.00[0m
[36m[ELITE] Selección de élites:[0m
[33m[ELITE]    Fitness: 49958.00[0m
[33m[ELITE]    Fitness: 49952.00[0m
[37mDiversidad de la generación 18: 2.2143351341792092[0m

[34m===============================================[0m
[34m[GENÉTICO] GENERACIÓN 18:[0m
[34m===============================================[0m
[32m[GENÉTICO]    Mejor Fitness:       49958.00[0m
[32m[GENÉTICO]    Promedio Fitness:    49957.70[0m
[32m[GENÉTICO]    Diversidad:          2.21[0m
[31m[GENÉTICO]    Peor Fitness:        49952.00[0m
[33m[GENÉTICO]    Tiempo Transcurrido: 11.58 s[0m
[34m===============================================[0m
[33mDetectado estancamiento en la generación 18[0m
[37mDiversidad actual: 2.2143351341792092[0m
[35m[RESULTADO PARTIDO] Goles Favor: 0, Goles Contra: 30, Fitness: 49955.00[0m
[35m[RESULTADO PARTIDO] Goles Favor: 0, Goles Contra: 32, Fitness: 49952.00[0m
[36m[ELITE] Selección de élites:[0m
[33m[ELITE]    Fitness: 49958.00[0m
[33m[ELITE]    Fitness: 49955.00[0m
[33m[ELITE]    Fitness: 49952.00[0m
[37mDiversidad de la generación 19: 2.790431588899726[0m

[34m===============================================[0m
[34m[GENÉTICO] GENERACIÓN 19:[0m
[34m===============================================[0m
[32m[GENÉTICO]    Mejor Fitness:       49958.00[0m
[32m[GENÉTICO]    Promedio Fitness:    49957.55[0m
[32m[GENÉTICO]    Diversidad:          2.79[0m
[31m[GENÉTICO]    Peor Fitness:        49952.00[0m
[33m[GENÉTICO]    Tiempo Transcurrido: 12.55 s[0m
[34m===============================================[0m
[33mDetectado estancamiento en la generación 19[0m
[37mDiversidad actual: 2.790431588899726[0m
[35m[RESULTADO PARTIDO] Goles Favor: 0, Goles Contra: 32, Fitness: 49952.00[0m
[35m[RESULTADO PARTIDO] Goles Favor: 0, Goles Contra: 30, Fitness: 49955.00[0m
[36m[ELITE] Selección de élites:[0m
[33m[ELITE]    Fitness: 49958.00[0m
[33m[ELITE]    Fitness: 49955.00[0m
[33m[ELITE]    Fitness: 49952.00[0m
[37mDiversidad de la generación 20: 2.8932240392749913[0m

[34m===============================================[0m
[34m[GENÉTICO] GENERACIÓN 20:[0m
[34m===============================================[0m
[32m[GENÉTICO]    Mejor Fitness:       49958.00[0m
[32m[GENÉTICO]    Promedio Fitness:    49957.55[0m
[32m[GENÉTICO]    Diversidad:          2.89[0m
[31m[GENÉTICO]    Peor Fitness:        49952.00[0m
[33m[GENÉTICO]    Tiempo Transcurrido: 13.19 s[0m
[34m===============================================[0m
[32m[CHECKPOINT] Guardado correctamente en checkpoint.ser[0m
[33mDetectado estancamiento en la generación 20[0m
[37mDiversidad actual: 2.8932240392749913[0m
[35m[RESULTADO PARTIDO] Goles Favor: 0, Goles Contra: 32, Fitness: 49952.00[0m
[35m[RESULTADO PARTIDO] Goles Favor: 0, Goles Contra: 32, Fitness: 49952.00[0m
[36m[ELITE] Selección de élites:[0m
[33m[ELITE]    Fitness: 49958.00[0m
[33m[ELITE]    Fitness: 49952.00[0m
[37mDiversidad de la generación 21: 3.248899804434628[0m

[34m===============================================[0m
[34m[GENÉTICO] GENERACIÓN 21:[0m
[34m===============================================[0m
[32m[GENÉTICO]    Mejor Fitness:       49958.00[0m
[32m[GENÉTICO]    Promedio Fitness:    49957.40[0m
[32m[GENÉTICO]    Diversidad:          3.25[0m
[31m[GENÉTICO]    Peor Fitness:        49952.00[0m
[33m[GENÉTICO]    Tiempo Transcurrido: 13.61 s[0m
[34m===============================================[0m
[33mDetectado estancamiento en la generación 21[0m
[37mDiversidad actual: 3.248899804434628[0m
[35m[RESULTADO PARTIDO] Goles Favor: 0, Goles Contra: 28, Fitness: 49958.00[0m
[35m[RESULTADO PARTIDO] Goles Favor: 0, Goles Contra: 28, Fitness: 49958.00[0m
[36m[ELITE] Selección de élites:[0m
[33m[ELITE]    Fitness: 49958.00[0m
[37mDiversidad de la generación 22: 2.321668861917547[0m

[34m===============================================[0m
[34m[GENÉTICO] GENERACIÓN 22:[0m
[34m===============================================[0m
[32m[GENÉTICO]    Mejor Fitness:       49958.00[0m
[32m[GENÉTICO]    Promedio Fitness:    49958.00[0m
[32m[GENÉTICO]    Diversidad:          2.32[0m
[31m[GENÉTICO]    Peor Fitness:        49958.00[0m
[33m[GENÉTICO]    Tiempo Transcurrido: 14.03 s[0m
[34m===============================================[0m
[33mDetectado estancamiento en la generación 22[0m
[37mDiversidad actual: 2.321668861917547[0m
[35m[RESULTADO PARTIDO] Goles Favor: 0, Goles Contra: 30, Fitness: 49955.00[0m
[35m[RESULTADO PARTIDO] Goles Favor: 0, Goles Contra: 32, Fitness: 49952.00[0m
[36m[ELITE] Selección de élites:[0m
[33m[ELITE]    Fitness: 49958.00[0m
[33m[ELITE]    Fitness: 49955.00[0m
[33m[ELITE]    Fitness: 49952.00[0m
[37mDiversidad de la generación 23: 4.317993645802349[0m

[34m===============================================[0m
[34m[GENÉTICO] GENERACIÓN 23:[0m
[34m===============================================[0m
[32m[GENÉTICO]    Mejor Fitness:       49958.00[0m
[32m[GENÉTICO]    Promedio Fitness:    49957.55[0m
[32m[GENÉTICO]    Diversidad:          4.32[0m
[31m[GENÉTICO]    Peor Fitness:        49952.00[0m
[33m[GENÉTICO]    Tiempo Transcurrido: 14.40 s[0m
[34m===============================================[0m
[33mDetectado estancamiento en la generación 23[0m
[37mDiversidad actual: 4.317993645802349[0m
[35m[RESULTADO PARTIDO] Goles Favor: 0, Goles Contra: 28, Fitness: 49958.00[0m
[35m[RESULTADO PARTIDO] Goles Favor: 0, Goles Contra: 32, Fitness: 49952.00[0m
[36m[ELITE] Selección de élites:[0m
[33m[ELITE]    Fitness: 49958.00[0m
[33m[ELITE]    Fitness: 49952.00[0m
[37mDiversidad de la generación 24: 5.077703705770467[0m

[34m===============================================[0m
[34m[GENÉTICO] GENERACIÓN 24:[0m
[34m===============================================[0m
[32m[GENÉTICO]    Mejor Fitness:       49958.00[0m
[32m[GENÉTICO]    Promedio Fitness:    49957.70[0m
[32m[GENÉTICO]    Diversidad:          5.08[0m
[31m[GENÉTICO]    Peor Fitness:        49952.00[0m
[33m[GENÉTICO]    Tiempo Transcurrido: 14.77 s[0m
[34m===============================================[0m
[33mDetectado estancamiento en la generación 24[0m
[37mDiversidad actual: 5.077703705770467[0m
[35m[RESULTADO PARTIDO] Goles Favor: 0, Goles Contra: 28, Fitness: 49958.00[0m
[36m[ELITE] Selección de élites:[0m
[33m[ELITE]    Fitness: 49958.00[0m
[37mDiversidad de la generación 25: 2.321668861917547[0m

[34m===============================================[0m
[34m[GENÉTICO] GENERACIÓN 25:[0m
[34m===============================================[0m
[32m[GENÉTICO]    Mejor Fitness:       49958.00[0m
[32m[GENÉTICO]    Promedio Fitness:    49958.00[0m
[32m[GENÉTICO]    Diversidad:          2.32[0m
[31m[GENÉTICO]    Peor Fitness:        49958.00[0m
[33m[GENÉTICO]    Tiempo Transcurrido: 15.14 s[0m
[34m===============================================[0m
[33mDetectado estancamiento en la generación 25[0m
[37mDiversidad actual: 2.321668861917547[0m
[35m[RESULTADO PARTIDO] Goles Favor: 0, Goles Contra: 28, Fitness: 49958.00[0m
[35m[RESULTADO PARTIDO] Goles Favor: 0, Goles Contra: 28, Fitness: 49958.00[0m
[36m[ELITE] Selección de élites:[0m
[33m[ELITE]    Fitness: 49958.00[0m
[37mDiversidad de la generación 26: 1.2253252326787056[0m

[34m===============================================[0m
[34m[GENÉTICO] GENERACIÓN 26:[0m
[34m===============================================[0m
[32m[GENÉTICO]    Mejor Fitness:       49958.00[0m
[32m[GENÉTICO]    Promedio Fitness:    49958.00[0m
[32m[GENÉTICO]    Diversidad:          1.23[0m
[31m[GENÉTICO]    Peor Fitness:        49958.00[0m
[33m[GENÉTICO]    Tiempo Transcurrido: 15.51 s[0m
[34m===============================================[0m
[33mDetectado estancamiento en la generación 26[0m
[37mDiversidad actual: 1.2253252326787056[0m
[35m[RESULTADO PARTIDO] Goles Favor: 0, Goles Contra: 28, Fitness: 49958.00[0m
[35m[RESULTADO PARTIDO] Goles Favor: 0, Goles Contra: 28, Fitness: 49958.00[0m
[36m[ELITE] Selección de élites:[0m
[33m[ELITE]    Fitness: 49958.00[0m
[37mDiversidad de la generación 27: 0.0[0m

[34m===============================================[0m
[34m[GENÉTICO] GENERACIÓN 27:[0m
[34m===============================================[0m
[32m[GENÉTICO]    Mejor Fitness:       49958.00[0m
[32m[GENÉTICO]    Promedio Fitness:    49958.00[0m
[32m[GENÉTICO]    Diversidad:          0.00[0m
[31m[GENÉTICO]    Peor Fitness:        49958.00[0m
[33m[GENÉTICO]    Tiempo Transcurrido: 15.89 s[0m
[34m===============================================[0m
[33mDetectado estancamiento en la generación 27[0m
[37mDiversidad actual: 0.0[0m
[37mDiversidad baja detectada. Inyectando nuevos individuos...[0m
[35m[RESULTADO PARTIDO] Goles Favor: 0, Goles Contra: 32, Fitness: 49952.00[0m
[35m[RESULTADO PARTIDO] Goles Favor: 0, Goles Contra: 32, Fitness: 49952.00[0m
[35m[RESULTADO PARTIDO] Goles Favor: 0, Goles Contra: 32, Fitness: 49952.00[0m
[35m[RESULTADO PARTIDO] Goles Favor: 0, Goles Contra: 32, Fitness: 49952.00[0m
[36m[ELITE] Selección de élites:[0m
[33m[ELITE]    Fitness: 49958.00[0m
[33m[ELITE]    Fitness: 49952.00[0m
[37mDiversidad de la generación 28: 2.0265982870005783[0m

[34m===============================================[0m
[34m[GENÉTICO] GENERACIÓN 28:[0m
[34m===============================================[0m
[32m[GENÉTICO]    Mejor Fitness:       49958.00[0m
[32m[GENÉTICO]    Promedio Fitness:    49957.40[0m
[32m[GENÉTICO]    Diversidad:          2.03[0m
[31m[GENÉTICO]    Peor Fitness:        49952.00[0m
[33m[GENÉTICO]    Tiempo Transcurrido: 17.01 s[0m
[34m===============================================[0m
[33mDetectado estancamiento en la generación 28[0m
[37mDiversidad actual: 2.0265982870005783[0m
[35m[RESULTADO PARTIDO] Goles Favor: 0, Goles Contra: 28, Fitness: 49958.00[0m
[35m[RESULTADO PARTIDO] Goles Favor: 0, Goles Contra: 28, Fitness: 49958.00[0m
[36m[ELITE] Selección de élites:[0m
[33m[ELITE]    Fitness: 49958.00[0m
[37mDiversidad de la generación 29: 0.0[0m

[34m===============================================[0m
[34m[GENÉTICO] GENERACIÓN 29:[0m
[34m===============================================[0m
[32m[GENÉTICO]    Mejor Fitness:       49958.00[0m
[32m[GENÉTICO]    Promedio Fitness:    49958.00[0m
[32m[GENÉTICO]    Diversidad:          0.00[0m
[31m[GENÉTICO]    Peor Fitness:        49958.00[0m
[33m[GENÉTICO]    Tiempo Transcurrido: 17.37 s[0m
[34m===============================================[0m
[33mDetectado estancamiento en la generación 29[0m
[37mDiversidad actual: 0.0[0m
[37mDiversidad baja detectada. Inyectando nuevos individuos...[0m
[35m[RESULTADO PARTIDO] Goles Favor: 0, Goles Contra: 32, Fitness: 49952.00[0m
[35m[RESULTADO PARTIDO] Goles Favor: 0, Goles Contra: 32, Fitness: 49952.00[0m
[35m[RESULTADO PARTIDO] Goles Favor: 0, Goles Contra: 30, Fitness: 49955.00[0m
[35m[RESULTADO PARTIDO] Goles Favor: 0, Goles Contra: 32, Fitness: 49952.00[0m
[36m[ELITE] Selección de élites:[0m
[33m[ELITE]    Fitness: 49958.00[0m
[33m[ELITE]    Fitness: 49955.00[0m
[33m[ELITE]    Fitness: 49952.00[0m
[37mDiversidad de la generación 30: 1.447534909471798[0m

[34m===============================================[0m
[34m[GENÉTICO] GENERACIÓN 30:[0m
[34m===============================================[0m
[32m[GENÉTICO]    Mejor Fitness:       49958.00[0m
[32m[GENÉTICO]    Promedio Fitness:    49957.55[0m
[32m[GENÉTICO]    Diversidad:          1.45[0m
[31m[GENÉTICO]    Peor Fitness:        49952.00[0m
[33m[GENÉTICO]    Tiempo Transcurrido: 18.45 s[0m
[34m===============================================[0m
[32m[CHECKPOINT] Guardado correctamente en checkpoint.ser[0m
[33mDetectado estancamiento en la generación 30[0m
[37mDiversidad actual: 1.447534909471798[0m
[35m[RESULTADO PARTIDO] Goles Favor: 0, Goles Contra: 32, Fitness: 49952.00[0m
[35m[RESULTADO PARTIDO] Goles Favor: 0, Goles Contra: 32, Fitness: 49952.00[0m
[36m[ELITE] Selección de élites:[0m
[33m[ELITE]    Fitness: 49958.00[0m
[33m[ELITE]    Fitness: 49952.00[0m
[37mDiversidad de la generación 31: 2.4585330408122643[0m

[34m===============================================[0m
[34m[GENÉTICO] GENERACIÓN 31:[0m
[34m===============================================[0m
[32m[GENÉTICO]    Mejor Fitness:       49958.00[0m
[32m[GENÉTICO]    Promedio Fitness:    49957.40[0m
[32m[GENÉTICO]    Diversidad:          2.46[0m
[31m[GENÉTICO]    Peor Fitness:        49952.00[0m
[33m[GENÉTICO]    Tiempo Transcurrido: 18.82 s[0m
[34m===============================================[0m
[33mDetectado estancamiento en la generación 31[0m
[37mDiversidad actual: 2.4585330408122643[0m
[35m[RESULTADO PARTIDO] Goles Favor: 0, Goles Contra: 30, Fitness: 49955.00[0m
[36m[ELITE] Selección de élites:[0m
[33m[ELITE]    Fitness: 49958.00[0m
[33m[ELITE]    Fitness: 49955.00[0m
[37mDiversidad de la generación 32: 1.0612689297415812[0m

[34m===============================================[0m
[34m[GENÉTICO] GENERACIÓN 32:[0m
[34m===============================================[0m
[32m[GENÉTICO]    Mejor Fitness:       49958.00[0m
[32m[GENÉTICO]    Promedio Fitness:    49957.85[0m
[32m[GENÉTICO]    Diversidad:          1.06[0m
[31m[GENÉTICO]    Peor Fitness:        49955.00[0m
[33m[GENÉTICO]    Tiempo Transcurrido: 19.15 s[0m
[34m===============================================[0m
[33mDetectado estancamiento en la generación 32[0m
[37mDiversidad actual: 1.0612689297415812[0m
[35m[RESULTADO PARTIDO] Goles Favor: 0, Goles Contra: 30, Fitness: 49955.00[0m
[35m[RESULTADO PARTIDO] Goles Favor: 0, Goles Contra: 32, Fitness: 49952.00[0m
[36m[ELITE] Selección de élites:[0m
[33m[ELITE]    Fitness: 49958.00[0m
[33m[ELITE]    Fitness: 49955.00[0m
[33m[ELITE]    Fitness: 49952.00[0m
[37mDiversidad de la generación 33: 1.748292427048407[0m

[34m===============================================[0m
[34m[GENÉTICO] GENERACIÓN 33:[0m
[34m===============================================[0m
[32m[GENÉTICO]    Mejor Fitness:       49958.00[0m
[32m[GENÉTICO]    Promedio Fitness:    49957.55[0m
[32m[GENÉTICO]    Diversidad:          1.75[0m
[31m[GENÉTICO]    Peor Fitness:        49952.00[0m
[33m[GENÉTICO]    Tiempo Transcurrido: 19.52 s[0m
[34m===============================================[0m
[33mDetectado estancamiento en la generación 33[0m
[37mDiversidad actual: 1.748292427048407[0m
[35m[RESULTADO PARTIDO] Goles Favor: 0, Goles Contra: 28, Fitness: 49958.00[0m
[35m[RESULTADO PARTIDO] Goles Favor: 0, Goles Contra: 32, Fitness: 49952.00[0m
[36m[ELITE] Selección de élites:[0m
[33m[ELITE]    Fitness: 49958.00[0m
[33m[ELITE]    Fitness: 49952.00[0m
[37mDiversidad de la generación 34: 1.5173182259979836[0m

[34m===============================================[0m
[34m[GENÉTICO] GENERACIÓN 34:[0m
[34m===============================================[0m
[32m[GENÉTICO]    Mejor Fitness:       49958.00[0m
[32m[GENÉTICO]    Promedio Fitness:    49957.70[0m
[32m[GENÉTICO]    Diversidad:          1.52[0m
[31m[GENÉTICO]    Peor Fitness:        49952.00[0m
[33m[GENÉTICO]    Tiempo Transcurrido: 19.88 s[0m
[34m===============================================[0m
[33mDetectado estancamiento en la generación 34[0m
[37mDiversidad actual: 1.5173182259979836[0m
[35m[RESULTADO PARTIDO] Goles Favor: 0, Goles Contra: 28, Fitness: 49958.00[0m
[35m[RESULTADO PARTIDO] Goles Favor: 0, Goles Contra: 28, Fitness: 49958.00[0m
[36m[ELITE] Selección de élites:[0m
[33m[ELITE]    Fitness: 49958.00[0m
[37mDiversidad de la generación 35: 2.8681164101561314[0m

[34m===============================================[0m
[34m[GENÉTICO] GENERACIÓN 35:[0m
[34m===============================================[0m
[32m[GENÉTICO]    Mejor Fitness:       49958.00[0m
[32m[GENÉTICO]    Promedio Fitness:    49958.00[0m
[32m[GENÉTICO]    Diversidad:          2.87[0m
[31m[GENÉTICO]    Peor Fitness:        49958.00[0m
[33m[GENÉTICO]    Tiempo Transcurrido: 20.24 s[0m
[34m===============================================[0m
[33mDetectado estancamiento en la generación 35[0m
[37mDiversidad actual: 2.8681164101561314[0m
[35m[RESULTADO PARTIDO] Goles Favor: 0, Goles Contra: 32, Fitness: 49952.00[0m
[35m[RESULTADO PARTIDO] Goles Favor: 0, Goles Contra: 30, Fitness: 49955.00[0m
[36m[ELITE] Selección de élites:[0m
[33m[ELITE]    Fitness: 49958.00[0m
[33m[ELITE]    Fitness: 49955.00[0m
[33m[ELITE]    Fitness: 49952.00[0m
[37mDiversidad de la generación 36: 3.508107373475975[0m

[34m===============================================[0m
[34m[GENÉTICO] GENERACIÓN 36:[0m
[34m===============================================[0m
[32m[GENÉTICO]    Mejor Fitness:       49958.00[0m
[32m[GENÉTICO]    Promedio Fitness:    49957.55[0m
[32m[GENÉTICO]    Diversidad:          3.51[0m
[31m[GENÉTICO]    Peor Fitness:        49952.00[0m
[33m[GENÉTICO]    Tiempo Transcurrido: 20.60 s[0m
[34m===============================================[0m
[33mDetectado estancamiento en la generación 36[0m
[37mDiversidad actual: 3.508107373475975[0m
[35m[RESULTADO PARTIDO] Goles Favor: 0, Goles Contra: 28, Fitness: 49958.00[0m
[35m[RESULTADO PARTIDO] Goles Favor: 0, Goles Contra: 32, Fitness: 49952.00[0m
[36m[ELITE] Selección de élites:[0m
[33m[ELITE]    Fitness: 49958.00[0m
[33m[ELITE]    Fitness: 49952.00[0m
[37mDiversidad de la generación 37: 2.9846608089335627[0m

[34m===============================================[0m
[34m[GENÉTICO] GENERACIÓN 37:[0m
[34m===============================================[0m
[32m[GENÉTICO]    Mejor Fitness:       49958.00[0m
[32m[GENÉTICO]    Promedio Fitness:    49957.70[0m
[32m[GENÉTICO]    Diversidad:          2.98[0m
[31m[GENÉTICO]    Peor Fitness:        49952.00[0m
[33m[GENÉTICO]    Tiempo Transcurrido: 20.96 s[0m
[34m===============================================[0m
[33mDetectado estancamiento en la generación 37[0m
[37mDiversidad actual: 2.9846608089335627[0m
[35m[RESULTADO PARTIDO] Goles Favor: 0, Goles Contra: 28, Fitness: 49958.00[0m
[35m[RESULTADO PARTIDO] Goles Favor: 0, Goles Contra: 32, Fitness: 49952.00[0m
[36m[ELITE] Selección de élites:[0m
[33m[ELITE]    Fitness: 49958.00[0m
[33m[ELITE]    Fitness: 49952.00[0m
[37mDiversidad de la generación 38: 2.4092690745628165[0m

[34m===============================================[0m
[34m[GENÉTICO] GENERACIÓN 38:[0m
[34m===============================================[0m
[32m[GENÉTICO]    Mejor Fitness:       49958.00[0m
[32m[GENÉTICO]    Promedio Fitness:    49957.70[0m
[32m[GENÉTICO]    Diversidad:          2.41[0m
[31m[GENÉTICO]    Peor Fitness:        49952.00[0m
[33m[GENÉTICO]    Tiempo Transcurrido: 21.35 s[0m
[34m===============================================[0m
[33mDetectado estancamiento en la generación 38[0m
[37mDiversidad actual: 2.4092690745628165[0m
[35m[RESULTADO PARTIDO] Goles Favor: 0, Goles Contra: 28, Fitness: 49958.00[0m
[35m[RESULTADO PARTIDO] Goles Favor: 0, Goles Contra: 30, Fitness: 49955.00[0m
[36m[ELITE] Selección de élites:[0m
[33m[ELITE]    Fitness: 49958.00[0m
[33m[ELITE]    Fitness: 49955.00[0m
[37mDiversidad de la generación 39: 2.8005959054000322[0m

[34m===============================================[0m
[34m[GENÉTICO] GENERACIÓN 39:[0m
[34m===============================================[0m
[32m[GENÉTICO]    Mejor Fitness:       49958.00[0m
[32m[GENÉTICO]    Promedio Fitness:    49957.85[0m
[32m[GENÉTICO]    Diversidad:          2.80[0m
[31m[GENÉTICO]    Peor Fitness:        49955.00[0m
[33m[GENÉTICO]    Tiempo Transcurrido: 21.71 s[0m
[34m===============================================[0m
[33mDetectado estancamiento en la generación 39[0m
[37mDiversidad actual: 2.8005959054000322[0m
[35m[RESULTADO PARTIDO] Goles Favor: 0, Goles Contra: 29, Fitness: 49956.50[0m
[35m[RESULTADO PARTIDO] Goles Favor: 0, Goles Contra: 32, Fitness: 49952.00[0m
[36m[ELITE] Selección de élites:[0m
[33m[ELITE]    Fitness: 49958.00[0m
[33m[ELITE]    Fitness: 49956.50[0m
[33m[ELITE]    Fitness: 49952.00[0m
[37mDiversidad de la generación 40: 3.251546165475414[0m

[34m===============================================[0m
[34m[GENÉTICO] GENERACIÓN 40:[0m
[34m===============================================[0m
[32m[GENÉTICO]    Mejor Fitness:       49958.00[0m
[32m[GENÉTICO]    Promedio Fitness:    49957.63[0m
[32m[GENÉTICO]    Diversidad:          3.25[0m
[31m[GENÉTICO]    Peor Fitness:        49952.00[0m
[33m[GENÉTICO]    Tiempo Transcurrido: 22.06 s[0m
[34m===============================================[0m
[32m[CHECKPOINT] Guardado correctamente en checkpoint.ser[0m
[33mDetectado estancamiento en la generación 40[0m
[37mDiversidad actual: 3.251546165475414[0m
[35m[RESULTADO PARTIDO] Goles Favor: 0, Goles Contra: 28, Fitness: 49958.00[0m
[35m[RESULTADO PARTIDO] Goles Favor: 0, Goles Contra: 32, Fitness: 49952.00[0m
[36m[ELITE] Selección de élites:[0m
[33m[ELITE]    Fitness: 49958.00[0m
[33m[ELITE]    Fitness: 49952.00[0m
[37mDiversidad de la generación 41: 3.0971343682859205[0m

[34m===============================================[0m
[34m[GENÉTICO] GENERACIÓN 41:[0m
[34m===============================================[0m
[32m[GENÉTICO]    Mejor Fitness:       49958.00[0m
[32m[GENÉTICO]    Promedio Fitness:    49957.70[0m
[32m[GENÉTICO]    Diversidad:          3.10[0m
[31m[GENÉTICO]    Peor Fitness:        49952.00[0m
[33m[GENÉTICO]    Tiempo Transcurrido: 22.40 s[0m
[34m===============================================[0m
[33mDetectado estancamiento en la generación 41[0m
[37mDiversidad actual: 3.0971343682859205[0m
[35m[RESULTADO PARTIDO] Goles Favor: 0, Goles Contra: 28, Fitness: 49958.00[0m
[35m[RESULTADO PARTIDO] Goles Favor: 0, Goles Contra: 28, Fitness: 49958.00[0m
[36m[ELITE] Selección de élites:[0m
[33m[ELITE]    Fitness: 49958.00[0m
[37mDiversidad de la generación 42: 3.3741983509773856[0m

[34m===============================================[0m
[34m[GENÉTICO] GENERACIÓN 42:[0m
[34m===============================================[0m
[32m[GENÉTICO]    Mejor Fitness:       49958.00[0m
[32m[GENÉTICO]    Promedio Fitness:    49958.00[0m
[32m[GENÉTICO]    Diversidad:          3.37[0m
[31m[GENÉTICO]    Peor Fitness:        49958.00[0m
[33m[GENÉTICO]    Tiempo Transcurrido: 22.76 s[0m
[34m===============================================[0m
[33mDetectado estancamiento en la generación 42[0m
[37mDiversidad actual: 3.3741983509773856[0m
[35m[RESULTADO PARTIDO] Goles Favor: 0, Goles Contra: 28, Fitness: 49958.00[0m
[35m[RESULTADO PARTIDO] Goles Favor: 0, Goles Contra: 32, Fitness: 49952.00[0m
[36m[ELITE] Selección de élites:[0m
[33m[ELITE]    Fitness: 49958.00[0m
[33m[ELITE]    Fitness: 49952.00[0m
[37mDiversidad de la generación 43: 3.6459187621028013[0m

[34m===============================================[0m
[34m[GENÉTICO] GENERACIÓN 43:[0m
[34m===============================================[0m
[32m[GENÉTICO]    Mejor Fitness:       49958.00[0m
[32m[GENÉTICO]    Promedio Fitness:    49957.70[0m
[32m[GENÉTICO]    Diversidad:          3.65[0m
[31m[GENÉTICO]    Peor Fitness:        49952.00[0m
[33m[GENÉTICO]    Tiempo Transcurrido: 23.11 s[0m
[34m===============================================[0m
[33mDetectado estancamiento en la generación 43[0m
[37mDiversidad actual: 3.6459187621028013[0m
[35m[RESULTADO PARTIDO] Goles Favor: 0, Goles Contra: 28, Fitness: 49958.00[0m
[35m[RESULTADO PARTIDO] Goles Favor: 0, Goles Contra: 32, Fitness: 49952.00[0m
[36m[ELITE] Selección de élites:[0m
[33m[ELITE]    Fitness: 49958.00[0m
[33m[ELITE]    Fitness: 49952.00[0m
[37mDiversidad de la generación 44: 3.918856301015225[0m

[34m===============================================[0m
[34m[GENÉTICO] GENERACIÓN 44:[0m
[34m===============================================[0m
[32m[GENÉTICO]    Mejor Fitness:       49958.00[0m
[32m[GENÉTICO]    Promedio Fitness:    49957.70[0m
[32m[GENÉTICO]    Diversidad:          3.92[0m
[31m[GENÉTICO]    Peor Fitness:        49952.00[0m
[33m[GENÉTICO]    Tiempo Transcurrido: 23.47 s[0m
[34m===============================================[0m
[33mDetectado estancamiento en la generación 44[0m
[37mDiversidad actual: 3.918856301015225[0m
[35m[RESULTADO PARTIDO] Goles Favor: 0, Goles Contra: 28, Fitness: 49958.00[0m
[35m[RESULTADO PARTIDO] Goles Favor: 0, Goles Contra: 32, Fitness: 49952.00[0m
[36m[ELITE] Selección de élites:[0m
[33m[ELITE]    Fitness: 49958.00[0m
[33m[ELITE]    Fitness: 49952.00[0m
[37mDiversidad de la generación 45: 4.063348873349455[0m

[34m===============================================[0m
[34m[GENÉTICO] GENERACIÓN 45:[0m
[34m===============================================[0m
[32m[GENÉTICO]    Mejor Fitness:       49958.00[0m
[32m[GENÉTICO]    Promedio Fitness:    49957.70[0m
[32m[GENÉTICO]    Diversidad:          4.06[0m
[31m[GENÉTICO]    Peor Fitness:        49952.00[0m
[33m[GENÉTICO]    Tiempo Transcurrido: 23.83 s[0m
[34m===============================================[0m
[33mDetectado estancamiento en la generación 45[0m
[37mDiversidad actual: 4.063348873349455[0m
[35m[RESULTADO PARTIDO] Goles Favor: 0, Goles Contra: 29, Fitness: 49956.50[0m
[35m[RESULTADO PARTIDO] Goles Favor: 0, Goles Contra: 30, Fitness: 49955.00[0m
[36m[ELITE] Selección de élites:[0m
[33m[ELITE]    Fitness: 49958.00[0m
[33m[ELITE]    Fitness: 49956.50[0m
[33m[ELITE]    Fitness: 49955.00[0m
[37mDiversidad de la generación 46: 4.990205392284575[0m

[34m===============================================[0m
[34m[GENÉTICO] GENERACIÓN 46:[0m
[34m===============================================[0m
[32m[GENÉTICO]    Mejor Fitness:       49958.00[0m
[32m[GENÉTICO]    Promedio Fitness:    49957.78[0m
[32m[GENÉTICO]    Diversidad:          4.99[0m
[31m[GENÉTICO]    Peor Fitness:        49955.00[0m
[33m[GENÉTICO]    Tiempo Transcurrido: 24.16 s[0m
[34m===============================================[0m
[33mDetectado estancamiento en la generación 46[0m
[37mDiversidad actual: 4.990205392284575[0m
[35m[RESULTADO PARTIDO] Goles Favor: 0, Goles Contra: 28, Fitness: 49958.00[0m
[35m[RESULTADO PARTIDO] Goles Favor: 0, Goles Contra: 28, Fitness: 49958.00[0m
[36m[ELITE] Selección de élites:[0m
[33m[ELITE]    Fitness: 49958.00[0m
[37mDiversidad de la generación 47: 3.4231102592622307[0m

[34m===============================================[0m
[34m[GENÉTICO] GENERACIÓN 47:[0m
[34m===============================================[0m
[32m[GENÉTICO]    Mejor Fitness:       49958.00[0m
[32m[GENÉTICO]    Promedio Fitness:    49958.00[0m
[32m[GENÉTICO]    Diversidad:          3.42[0m
[31m[GENÉTICO]    Peor Fitness:        49958.00[0m
[33m[GENÉTICO]    Tiempo Transcurrido: 24.55 s[0m
[34m===============================================[0m
[33mDetectado estancamiento en la generación 47[0m
[37mDiversidad actual: 3.4231102592622307[0m
[35m[RESULTADO PARTIDO] Goles Favor: 0, Goles Contra: 32, Fitness: 49952.00[0m
[35m[RESULTADO PARTIDO] Goles Favor: 0, Goles Contra: 32, Fitness: 49952.00[0m
[36m[ELITE] Selección de élites:[0m
[33m[ELITE]    Fitness: 49958.00[0m
[33m[ELITE]    Fitness: 49952.00[0m
[37mDiversidad de la generación 48: 6.023147290985563[0m

[34m===============================================[0m
[34m[GENÉTICO] GENERACIÓN 48:[0m
[34m===============================================[0m
[32m[GENÉTICO]    Mejor Fitness:       49958.00[0m
[32m[GENÉTICO]    Promedio Fitness:    49957.40[0m
[32m[GENÉTICO]    Diversidad:          6.02[0m
[31m[GENÉTICO]    Peor Fitness:        49952.00[0m
[33m[GENÉTICO]    Tiempo Transcurrido: 24.89 s[0m
[34m===============================================[0m
[33mDetectado estancamiento en la generación 48[0m
[37mDiversidad actual: 6.023147290985563[0m
[35m[RESULTADO PARTIDO] Goles Favor: 0, Goles Contra: 28, Fitness: 49958.00[0m
[35m[RESULTADO PARTIDO] Goles Favor: 0, Goles Contra: 28, Fitness: 49958.00[0m
[36m[ELITE] Selección de élites:[0m
[33m[ELITE]    Fitness: 49958.00[0m
[37mDiversidad de la generación 49: 4.816194569696831[0m

[34m===============================================[0m
[34m[GENÉTICO] GENERACIÓN 49:[0m
[34m===============================================[0m
[32m[GENÉTICO]    Mejor Fitness:       49958.00[0m
[32m[GENÉTICO]    Promedio Fitness:    49958.00[0m
[32m[GENÉTICO]    Diversidad:          4.82[0m
[31m[GENÉTICO]    Peor Fitness:        49958.00[0m
[33m[GENÉTICO]    Tiempo Transcurrido: 25.23 s[0m
[34m===============================================[0m
[33mDetectado estancamiento en la generación 49[0m
[37mDiversidad actual: 4.816194569696831[0m
[35m[RESULTADO PARTIDO] Goles Favor: 0, Goles Contra: 28, Fitness: 49958.00[0m
[35m[RESULTADO PARTIDO] Goles Favor: 0, Goles Contra: 32, Fitness: 49952.00[0m
[36m[ELITE] Selección de élites:[0m
[33m[ELITE]    Fitness: 49958.00[0m
[33m[ELITE]    Fitness: 49952.00[0m
[37mDiversidad de la generación 50: 5.83688717896804[0m

[34m===============================================[0m
[34m[GENÉTICO] GENERACIÓN 50:[0m
[34m===============================================[0m
[32m[GENÉTICO]    Mejor Fitness:       49958.00[0m
[32m[GENÉTICO]    Promedio Fitness:    49957.70[0m
[32m[GENÉTICO]    Diversidad:          5.84[0m
[31m[GENÉTICO]    Peor Fitness:        49952.00[0m
[33m[GENÉTICO]    Tiempo Transcurrido: 25.57 s[0m
[34m===============================================[0m
[32m[CHECKPOINT] Guardado correctamente en checkpoint.ser[0m
[33mDetectado estancamiento en la generación 50[0m
[37mDiversidad actual: 5.83688717896804[0m
[37mBloque de 50 generaciones completado. Generación global: 50[0m
[34m
================== RESUMEN FINAL ==================[0m
[32m[INFO] Generaciones ejecutadas: 50[0m
[32m[INFO] Mejor Fitness Alcanzado: 49958.00[0m
[34m==================================================[0m
[32m[CHECKPOINT] Guardado correctamente en checkpoint.ser[0m
Mar 23, 2025 6:03:15 PM CSVManager cerrarCSV
INFO: Archivo CSV cerrado correctamente.
Recursos cerrados correctamente.
